<?xml version="1.0" encoding="UTF-8"?>
<!-- Generated by org.testng.reporters.JUnitReportReporter -->
<testsuite hostname="Ranga" failures="0" tests="3" name="testnglearning.SatyaLoan" time="0.011" errors="0" timestamp="2024-01-08T19:06:34 IST" skipped="0">
  <testcase classname="testnglearning.SatyaLoan" name="Action" time="0.009"/>
  <system-out/>
  <testcase classname="testnglearning.SatyaLoan" name="Satyaln" time="0.001"/>
  <system-out/>
  <testcase classname="testnglearning.SatyaLoan" name="Action1" time="0.001"/>
  <system-out/>
</testsuite> <!-- testnglearning.SatyaLoan -->
