<?xml version="1.0" encoding="UTF-8"?>
<!-- Generated by org.testng.reporters.JUnitReportReporter -->
<testsuite hostname="Ranga" failures="0" tests="2" name="testnglearning.TestNG" time="0.007" errors="0" timestamp="2024-01-04T11:34:45 IST" skipped="0">
  <testcase classname="testnglearning.TestNG" name="testcase01" time="0.006"/>
  <system-out/>
  <testcase classname="testnglearning.TestNG" name="testcase02" time="0.001"/>
  <system-out/>
</testsuite> <!-- testnglearning.TestNG -->
