<?xml version="1.0" encoding="UTF-8"?>
<!-- Generated by org.testng.reporters.JUnitReportReporter -->
<testsuite hostname="Ranga" failures="0" tests="1" name="testnglearning.RajeshLoan" time="0.009" errors="0" timestamp="2024-01-08T19:01:49 IST" skipped="0">
  <testcase classname="testnglearning.RajeshLoan" name="rajeshln" time="0.009"/>
  <system-out/>
</testsuite> <!-- testnglearning.RajeshLoan -->
