<?xml version="1.0" encoding="UTF-8"?>
<!-- Generated by org.testng.reporters.JUnitReportReporter -->
<testsuite hostname="Ranga" failures="0" tests="1" name="testnglearning.SatyaLoan" time="0.007" errors="0" timestamp="2024-01-11T10:59:12 IST" skipped="0">
  <testcase classname="testnglearning.SatyaLoan" name="Satyaln" time="0.007"/>
  <system-out/>
</testsuite> <!-- testnglearning.SatyaLoan -->
