<?xml version="1.0" encoding="UTF-8"?>
<!-- Generated by org.testng.reporters.JUnitReportReporter -->
<testsuite hostname="Ranga" failures="0" tests="2" name="testnglearning.BikeLoanRanga" time="0.001" errors="0" timestamp="2024-01-11T10:59:07 IST" skipped="0">
  <testcase classname="testnglearning.BikeLoanRanga" name="scooty" time="0.000"/>
  <system-out/>
  <testcase classname="testnglearning.BikeLoanRanga" name="Splender" time="0.001"/>
  <system-out/>
</testsuite> <!-- testnglearning.BikeLoanRanga -->
