<?xml version="1.0" encoding="UTF-8"?>
<!-- Generated by org.testng.reporters.JUnitReportReporter -->
<testsuite hostname="Ranga" failures="0" tests="1" name="testnglearning.BikeLoanArjun" time="0.010" errors="0" timestamp="2024-01-11T10:59:07 IST" skipped="0">
  <testcase classname="testnglearning.BikeLoanArjun" name="ArjunLoan" time="0.010"/>
  <system-out/>
</testsuite> <!-- testnglearning.BikeLoanArjun -->
