<?xml version="1.0" encoding="UTF-8"?>
<!-- Generated by org.testng.reporters.JUnitReportReporter -->
<testsuite hostname="Ranga" failures="0" tests="4" name="testnglearning.SatyaLoan" time="0.009" errors="0" timestamp="2024-01-11T10:59:07 IST" skipped="0">
  <testcase classname="testnglearning.SatyaLoan" name="Action2" time="0.005"/>
  <system-out/>
  <testcase classname="testnglearning.SatyaLoan" name="Action1" time="0.000"/>
  <system-out/>
  <testcase classname="testnglearning.SatyaLoan" name="Satyaln" time="0.002"/>
  <system-out/>
  <testcase classname="testnglearning.SatyaLoan" name="Action" time="0.002"/>
  <system-out/>
</testsuite> <!-- testnglearning.SatyaLoan -->
